Start testing: Feb 07 01:59 PST
----------------------------------------------------------
1/3 Testing: InetAddress_unittest
1/3 Test: InetAddress_unittest
Command: "/home/ysy/Burger/build/InetAddress_unittest"
Directory: /home/ysy/Burger/build/burger/net/tests
"InetAddress_unittest" start time: Feb 07 01:59 PST
Output:
----------------------------------------------------------
Running main() from /home/ysy/googletest/googletest/src/gtest_main.cc
[==========] Running 1 test from 1 test suite.
[----------] Global test environment set-up.
[----------] 1 test from InetAddress
[ RUN      ] InetAddress.constructor
[       OK ] InetAddress.constructor (0 ms)
[----------] 1 test from InetAddress (0 ms total)

[----------] Global test environment tear-down
[==========] 1 test from 1 test suite ran. (0 ms total)
[  PASSED  ] 1 test.
<end of output>
Test time =   0.00 sec
----------------------------------------------------------
Test Passed.
"InetAddress_unittest" end time: Feb 07 01:59 PST
"InetAddress_unittest" time elapsed: 00:00:00
----------------------------------------------------------

2/3 Testing: Buffer_unittest
2/3 Test: Buffer_unittest
Command: "/home/ysy/Burger/build/Buffer_unittest"
Directory: /home/ysy/Burger/build/burger/net/tests
"Buffer_unittest" start time: Feb 07 01:59 PST
Output:
----------------------------------------------------------
Running main() from /home/ysy/googletest/googletest/src/gtest_main.cc
[==========] Running 4 tests from 4 test suites.
[----------] Global test environment set-up.
[----------] 1 test from testBufferAppendRetrieve
[ RUN      ] testBufferAppendRetrieve.readWritePrepend
[       OK ] testBufferAppendRetrieve.readWritePrepend (0 ms)
[----------] 1 test from testBufferAppendRetrieve (0 ms total)

[----------] 1 test from testBufferGrow
[ RUN      ] testBufferGrow.append
[       OK ] testBufferGrow.append (0 ms)
[----------] 1 test from testBufferGrow (0 ms total)

[----------] 1 test from testBufferInsideGrow
[ RUN      ] testBufferInsideGrow.retrieve
[       OK ] testBufferInsideGrow.retrieve (0 ms)
[----------] 1 test from testBufferInsideGrow (0 ms total)

[----------] 1 test from testBufferShrink
[ RUN      ] testBufferShrink.retrieve
[       OK ] testBufferShrink.retrieve (0 ms)
[----------] 1 test from testBufferShrink (0 ms total)

[----------] Global test environment tear-down
[==========] 4 tests from 4 test suites ran. (0 ms total)
[  PASSED  ] 4 tests.
<end of output>
Test time =   0.00 sec
----------------------------------------------------------
Test Passed.
"Buffer_unittest" end time: Feb 07 01:59 PST
"Buffer_unittest" time elapsed: 00:00:00
----------------------------------------------------------

3/3 Testing: gtest_test
3/3 Test: gtest_test
Command: "/home/ysy/Burger/build/gtest_test"
Directory: /home/ysy/Burger/build/tests
"gtest_test" start time: Feb 07 01:59 PST
Output:
----------------------------------------------------------
run google test --> 
[==========] Running 2 tests from 2 test suites.
[----------] Global test environment set-up.
[----------] 1 test from addTest
[ RUN      ] addTest.test_add
[       OK ] addTest.test_add (0 ms)
[----------] 1 test from addTest (0 ms total)

[----------] 1 test from subTest
[ RUN      ] subTest.test_sub
[       OK ] subTest.test_sub (0 ms)
[----------] 1 test from subTest (0 ms total)

[----------] Global test environment tear-down
[==========] 2 tests from 2 test suites ran. (0 ms total)
[  PASSED  ] 2 tests.
<end of output>
Test time =   0.01 sec
----------------------------------------------------------
Test Passed.
"gtest_test" end time: Feb 07 01:59 PST
"gtest_test" time elapsed: 00:00:00
----------------------------------------------------------

End testing: Feb 07 01:59 PST
